android-app/app/build/intermediates/manifest_merge_blame_file/release/manifest-merger-blame-release-report.txt
1<?xml version="1.0" encoding="utf-8"?>
2<manifest xmlns:android="http://schemas.android.com/apk/res/android"
3    package="com.omscompanion"
4    android:versionCode="1"
5    android:versionName="1.0" >
6
7    <uses-sdk
8        android:minSdkVersion="21"
9        android:targetSdkVersion="34" />
10
11    <uses-permission android:name="android.permission.INTERNET" />
11-->src\main\AndroidManifest.xml:5:5-67
11-->src\main\AndroidManifest.xml:5:22-64
12    <uses-permission android:name="android.permission.ACCESS_NETWORK_STATE" />
12-->src\main\AndroidManifest.xml:6:5-79
12-->src\main\AndroidManifest.xml:6:22-76
13    <uses-permission android:name="android.permission.POST_NOTIFICATIONS" />
13-->src\main\AndroidManifest.xml:7:5-77
13-->src\main\AndroidManifest.xml:7:22-74
14    <uses-permission android:name="android.permission.VIBRATE" />
14-->src\main\AndroidManifest.xml:8:5-66
14-->src\main\AndroidManifest.xml:8:22-63
15
16    <!-- Create a unique permission for your app and use it so only your app can receive your OneSignal messages. -->
17    <permission
17-->[com.onesignal:notifications:5.10.0] AndroidManifest.xml:8:5-10:47
18        android:name="com.omscompanion.permission.C2D_MESSAGE"
18-->[com.onesignal:notifications:5.10.0] AndroidManifest.xml:9:9-63
19        android:protectionLevel="signature" />
19-->[com.onesignal:notifications:5.10.0] AndroidManifest.xml:10:9-44
20
21    <uses-permission android:name="com.omscompanion.permission.C2D_MESSAGE" /> <!-- Required, makes sure notifications are delivered on time. -->
21-->[com.onesignal:notifications:5.10.0] AndroidManifest.xml:12:5-79
21-->[com.onesignal:notifications:5.10.0] AndroidManifest.xml:12:22-76
22    <uses-permission android:name="android.permission.WAKE_LOCK" /> <!-- c2dm RECEIVE are basic requirements for push messages through Google's FCM -->
22-->[com.onesignal:notifications:5.10.0] AndroidManifest.xml:16:5-68
22-->[com.onesignal:notifications:5.10.0] AndroidManifest.xml:16:22-65
23    <uses-permission android:name="com.google.android.c2dm.permission.RECEIVE" />
23-->[com.onesignal:notifications:5.10.0] AndroidManifest.xml:17:5-82
23-->[com.onesignal:notifications:5.10.0] AndroidManifest.xml:17:22-79
24    <!--
25 Use to restore notifications the user hasn't interacted with.
26     They could be missed notifications if the user reboots their device if this isn't in place.
27    -->
28    <uses-permission android:name="android.permission.RECEIVE_BOOT_COMPLETED" /> <!-- START: ShortcutBadger -->
28-->[com.onesignal:notifications:5.10.0] AndroidManifest.xml:27:5-81
28-->[com.onesignal:notifications:5.10.0] AndroidManifest.xml:27:22-78
29    <!-- Samsung -->
30    <uses-permission android:name="com.sec.android.provider.badge.permission.READ" />
30-->[com.onesignal:notifications:5.10.0] AndroidManifest.xml:29:5-86
30-->[com.onesignal:notifications:5.10.0] AndroidManifest.xml:29:22-83
31    <uses-permission android:name="com.sec.android.provider.badge.permission.WRITE" /> <!-- HTC -->
31-->[com.onesignal:notifications:5.10.0] AndroidManifest.xml:30:5-87
31-->[com.onesignal:notifications:5.10.0] AndroidManifest.xml:30:22-84
32    <uses-permission android:name="com.htc.launcher.permission.READ_SETTINGS" />
32-->[com.onesignal:notifications:5.10.0] AndroidManifest.xml:31:5-81
32-->[com.onesignal:notifications:5.10.0] AndroidManifest.xml:31:22-78
33    <uses-permission android:name="com.htc.launcher.permission.UPDATE_SHORTCUT" /> <!-- Sony -->
33-->[com.onesignal:notifications:5.10.0] AndroidManifest.xml:32:5-83
33-->[com.onesignal:notifications:5.10.0] AndroidManifest.xml:32:22-80
34    <uses-permission android:name="com.sonyericsson.home.permission.BROADCAST_BADGE" />
34-->[com.onesignal:notifications:5.10.0] AndroidManifest.xml:33:5-88
34-->[com.onesignal:notifications:5.10.0] AndroidManifest.xml:33:22-85
35    <uses-permission android:name="com.sonymobile.home.permission.PROVIDER_INSERT_BADGE" /> <!-- Apex -->
35-->[com.onesignal:notifications:5.10.0] AndroidManifest.xml:34:5-92
35-->[com.onesignal:notifications:5.10.0] AndroidManifest.xml:34:22-89
36    <uses-permission android:name="com.anddoes.launcher.permission.UPDATE_COUNT" /> <!-- Solid -->
36-->[com.onesignal:notifications:5.10.0] AndroidManifest.xml:35:5-84
36-->[com.onesignal:notifications:5.10.0] AndroidManifest.xml:35:22-81
37    <uses-permission android:name="com.majeur.launcher.permission.UPDATE_BADGE" /> <!-- Huawei -->
37-->[com.onesignal:notifications:5.10.0] AndroidManifest.xml:36:5-83
37-->[com.onesignal:notifications:5.10.0] AndroidManifest.xml:36:22-80
38    <uses-permission android:name="com.huawei.android.launcher.permission.CHANGE_BADGE" />
38-->[com.onesignal:notifications:5.10.0] AndroidManifest.xml:37:5-91
38-->[com.onesignal:notifications:5.10.0] AndroidManifest.xml:37:22-88
39    <uses-permission android:name="com.huawei.android.launcher.permission.READ_SETTINGS" />
39-->[com.onesignal:notifications:5.10.0] AndroidManifest.xml:38:5-92
39-->[com.onesignal:notifications:5.10.0] AndroidManifest.xml:38:22-89
40    <uses-permission android:name="com.huawei.android.launcher.permission.WRITE_SETTINGS" /> <!-- ZUK -->
40-->[com.onesignal:notifications:5.10.0] AndroidManifest.xml:39:5-93
40-->[com.onesignal:notifications:5.10.0] AndroidManifest.xml:39:22-90
41    <uses-permission android:name="android.permission.READ_APP_BADGE" /> <!-- OPPO -->
41-->[com.onesignal:notifications:5.10.0] AndroidManifest.xml:40:5-73
41-->[com.onesignal:notifications:5.10.0] AndroidManifest.xml:40:22-70
42    <uses-permission android:name="com.oppo.launcher.permission.READ_SETTINGS" />
42-->[com.onesignal:notifications:5.10.0] AndroidManifest.xml:41:5-82
42-->[com.onesignal:notifications:5.10.0] AndroidManifest.xml:41:22-79
43    <uses-permission android:name="com.oppo.launcher.permission.WRITE_SETTINGS" /> <!-- EvMe -->
43-->[com.onesignal:notifications:5.10.0] AndroidManifest.xml:42:5-83
43-->[com.onesignal:notifications:5.10.0] AndroidManifest.xml:42:22-80
44    <uses-permission android:name="me.everything.badger.permission.BADGE_COUNT_READ" />
44-->[com.onesignal:notifications:5.10.0] AndroidManifest.xml:43:5-88
44-->[com.onesignal:notifications:5.10.0] AndroidManifest.xml:43:22-85
45    <uses-permission android:name="me.everything.badger.permission.BADGE_COUNT_WRITE" />
45-->[com.onesignal:notifications:5.10.0] AndroidManifest.xml:44:5-89
45-->[com.onesignal:notifications:5.10.0] AndroidManifest.xml:44:22-86
46    <uses-permission android:name="android.permission.FOREGROUND_SERVICE" />
46-->[androidx.work:work-runtime:2.8.1] AndroidManifest.xml:26:5-77
46-->[androidx.work:work-runtime:2.8.1] AndroidManifest.xml:26:22-74
47
48    <permission
48-->[androidx.core:core:1.9.0] AndroidManifest.xml:22:5-24:47
49        android:name="com.omscompanion.DYNAMIC_RECEIVER_NOT_EXPORTED_PERMISSION"
49-->[androidx.core:core:1.9.0] AndroidManifest.xml:23:9-81
50        android:protectionLevel="signature" />
50-->[androidx.core:core:1.9.0] AndroidManifest.xml:24:9-44
51
52    <uses-permission android:name="com.omscompanion.DYNAMIC_RECEIVER_NOT_EXPORTED_PERMISSION" />
52-->[androidx.core:core:1.9.0] AndroidManifest.xml:26:5-97
52-->[androidx.core:core:1.9.0] AndroidManifest.xml:26:22-94
53
54    <application
54-->src\main\AndroidManifest.xml:10:5-31:19
55        android:name="com.omscompanion.MainApplication"
55-->src\main\AndroidManifest.xml:11:9-40
56        android:allowBackup="true"
56-->src\main\AndroidManifest.xml:12:9-35
57        android:appComponentFactory="androidx.core.app.CoreComponentFactory"
57-->[androidx.core:core:1.9.0] AndroidManifest.xml:28:18-86
58        android:extractNativeLibs="true"
59        android:icon="@mipmap/ic_launcher"
59-->src\main\AndroidManifest.xml:13:9-43
60        android:label="@string/app_name"
60-->src\main\AndroidManifest.xml:15:9-41
61        android:roundIcon="@mipmap/ic_launcher_round"
61-->src\main\AndroidManifest.xml:14:9-54
62        android:supportsRtl="true"
62-->src\main\AndroidManifest.xml:16:9-35
63        android:theme="@style/Theme.AppCompat.Light.NoActionBar"
63-->src\main\AndroidManifest.xml:17:9-65
64        android:usesCleartextTraffic="true" >
64-->src\main\AndroidManifest.xml:18:9-44
65        <meta-data
65-->src\main\AndroidManifest.xml:20:9-107
66            android:name="onesignal_app_id"
66-->src\main\AndroidManifest.xml:20:20-51
67            android:value="cd9df2b6-fda0-463e-bebb-7d8b49edf74c" />
67-->src\main\AndroidManifest.xml:20:52-104
68
69        <activity
69-->src\main\AndroidManifest.xml:22:9-30:20
70            android:name="com.omscompanion.MainActivity"
70-->src\main\AndroidManifest.xml:23:13-41
71            android:configChanges="orientation|screenSize|keyboardHidden"
71-->src\main\AndroidManifest.xml:25:13-74
72            android:exported="true" >
72-->src\main\AndroidManifest.xml:24:13-36
73            <intent-filter>
73-->src\main\AndroidManifest.xml:26:13-29:29
74                <action android:name="android.intent.action.MAIN" />
74-->src\main\AndroidManifest.xml:27:17-69
74-->src\main\AndroidManifest.xml:27:25-66
75
76                <category android:name="android.intent.category.LAUNCHER" />
76-->src\main\AndroidManifest.xml:28:17-77
76-->src\main\AndroidManifest.xml:28:27-74
77            </intent-filter>
78        </activity>
79
80        <receiver
80-->[com.onesignal:notifications:5.10.0] AndroidManifest.xml:47:9-58:20
81            android:name="com.onesignal.notifications.receivers.FCMBroadcastReceiver"
81-->[com.onesignal:notifications:5.10.0] AndroidManifest.xml:48:13-86
82            android:exported="true"
82-->[com.onesignal:notifications:5.10.0] AndroidManifest.xml:49:13-36
83            android:permission="com.google.android.c2dm.permission.SEND" >
83-->[com.onesignal:notifications:5.10.0] AndroidManifest.xml:50:13-73
84
85            <!-- High priority so OneSignal payloads can be filtered from other FCM receivers -->
86            <intent-filter android:priority="999" >
86-->[com.onesignal:notifications:5.10.0] AndroidManifest.xml:53:13-57:29
86-->[com.onesignal:notifications:5.10.0] AndroidManifest.xml:53:28-50
87                <action android:name="com.google.android.c2dm.intent.RECEIVE" />
87-->[com.onesignal:notifications:5.10.0] AndroidManifest.xml:54:17-81
87-->[com.onesignal:notifications:5.10.0] AndroidManifest.xml:54:25-78
88
89                <category android:name="com.omscompanion" />
89-->[com.onesignal:notifications:5.10.0] AndroidManifest.xml:56:17-61
89-->[com.onesignal:notifications:5.10.0] AndroidManifest.xml:56:27-58
90            </intent-filter>
91        </receiver>
92
93        <service
93-->[com.onesignal:notifications:5.10.0] AndroidManifest.xml:60:9-66:19
94            android:name="com.onesignal.notifications.services.HmsMessageServiceOneSignal"
94-->[com.onesignal:notifications:5.10.0] AndroidManifest.xml:61:13-91
95            android:exported="false" >
95-->[com.onesignal:notifications:5.10.0] AndroidManifest.xml:62:13-37
96            <intent-filter>
96-->[com.onesignal:notifications:5.10.0] AndroidManifest.xml:63:13-65:29
97                <action android:name="com.huawei.push.action.MESSAGING_EVENT" />
97-->[com.onesignal:notifications:5.10.0] AndroidManifest.xml:64:17-81
97-->[com.onesignal:notifications:5.10.0] AndroidManifest.xml:64:25-78
98            </intent-filter>
99        </service> <!-- CAUTION: OneSignal backend includes the activity name in the payload, modifying the name without sync may result in notification click not firing -->
100        <activity
100-->[com.onesignal:notifications:5.10.0] AndroidManifest.xml:67:9-75:20
101            android:name="com.onesignal.NotificationOpenedActivityHMS"
101-->[com.onesignal:notifications:5.10.0] AndroidManifest.xml:68:13-71
102            android:exported="true"
102-->[com.onesignal:notifications:5.10.0] AndroidManifest.xml:69:13-36
103            android:noHistory="true"
103-->[com.onesignal:notifications:5.10.0] AndroidManifest.xml:70:13-37
104            android:theme="@android:style/Theme.Translucent.NoTitleBar" >
104-->[com.onesignal:notifications:5.10.0] AndroidManifest.xml:71:13-72
105            <intent-filter>
105-->[com.onesignal:notifications:5.10.0] AndroidManifest.xml:72:13-74:29
106                <action android:name="android.intent.action.VIEW" />
106-->[com.onesignal:notifications:5.10.0] AndroidManifest.xml:73:17-69
106-->[com.onesignal:notifications:5.10.0] AndroidManifest.xml:73:25-66
107            </intent-filter>
108        </activity>
109
110        <receiver
110-->[com.onesignal:notifications:5.10.0] AndroidManifest.xml:77:9-79:40
111            android:name="com.onesignal.notifications.receivers.NotificationDismissReceiver"
111-->[com.onesignal:notifications:5.10.0] AndroidManifest.xml:78:13-93
112            android:exported="false" />
112-->[com.onesignal:notifications:5.10.0] AndroidManifest.xml:79:13-37
113        <receiver
113-->[com.onesignal:notifications:5.10.0] AndroidManifest.xml:80:9-86:20
114            android:name="com.onesignal.notifications.receivers.BootUpReceiver"
114-->[com.onesignal:notifications:5.10.0] AndroidManifest.xml:81:13-80
115            android:exported="false" >
115-->[com.onesignal:notifications:5.10.0] AndroidManifest.xml:82:13-37
116            <intent-filter>
116-->[com.onesignal:notifications:5.10.0] AndroidManifest.xml:83:13-85:29
117                <action android:name="android.intent.action.BOOT_COMPLETED" />
117-->[com.onesignal:notifications:5.10.0] AndroidManifest.xml:84:17-79
117-->[com.onesignal:notifications:5.10.0] AndroidManifest.xml:84:25-76
118            </intent-filter>
119        </receiver>
120        <receiver
120-->[com.onesignal:notifications:5.10.0] AndroidManifest.xml:87:9-93:20
121            android:name="com.onesignal.notifications.receivers.UpgradeReceiver"
121-->[com.onesignal:notifications:5.10.0] AndroidManifest.xml:88:13-81
122            android:exported="false" >
122-->[com.onesignal:notifications:5.10.0] AndroidManifest.xml:89:13-37
123            <intent-filter>
123-->[com.onesignal:notifications:5.10.0] AndroidManifest.xml:90:13-92:29
124                <action android:name="android.intent.action.MY_PACKAGE_REPLACED" />
124-->[com.onesignal:notifications:5.10.0] AndroidManifest.xml:91:17-84
124-->[com.onesignal:notifications:5.10.0] AndroidManifest.xml:91:25-81
125            </intent-filter>
126        </receiver>
127
128        <activity
128-->[com.onesignal:notifications:5.10.0] AndroidManifest.xml:95:9-101:75
129            android:name="com.onesignal.notifications.activities.NotificationOpenedActivity"
129-->[com.onesignal:notifications:5.10.0] AndroidManifest.xml:96:13-93
130            android:excludeFromRecents="true"
130-->[com.onesignal:notifications:5.10.0] AndroidManifest.xml:97:13-46
131            android:exported="false"
131-->[com.onesignal:notifications:5.10.0] AndroidManifest.xml:98:13-37
132            android:noHistory="true"
132-->[com.onesignal:notifications:5.10.0] AndroidManifest.xml:99:13-37
133            android:taskAffinity=""
133-->[com.onesignal:notifications:5.10.0] AndroidManifest.xml:100:13-36
134            android:theme="@android:style/Theme.Translucent.NoTitleBar" />
134-->[com.onesignal:notifications:5.10.0] AndroidManifest.xml:101:13-72
135        <activity
135-->[com.onesignal:notifications:5.10.0] AndroidManifest.xml:102:9-107:75
136            android:name="com.onesignal.notifications.activities.NotificationOpenedActivityAndroid22AndOlder"
136-->[com.onesignal:notifications:5.10.0] AndroidManifest.xml:103:13-110
137            android:excludeFromRecents="true"
137-->[com.onesignal:notifications:5.10.0] AndroidManifest.xml:104:13-46
138            android:exported="false"
138-->[com.onesignal:notifications:5.10.0] AndroidManifest.xml:105:13-37
139            android:noHistory="true"
139-->[com.onesignal:notifications:5.10.0] AndroidManifest.xml:106:13-37
140            android:theme="@android:style/Theme.Translucent.NoTitleBar" />
140-->[com.onesignal:notifications:5.10.0] AndroidManifest.xml:107:13-72
141
142        <service
142-->[com.onesignal:core:5.10.0] AndroidManifest.xml:12:9-15:72
143            android:name="com.onesignal.core.services.SyncJobService"
143-->[com.onesignal:core:5.10.0] AndroidManifest.xml:13:13-70
144            android:exported="false"
144-->[com.onesignal:core:5.10.0] AndroidManifest.xml:14:13-37
145            android:permission="android.permission.BIND_JOB_SERVICE" /> <!-- Temporary shim for old OneSignal v4 jobs pointing to com.onesignal.SyncJobService -->
145-->[com.onesignal:core:5.10.0] AndroidManifest.xml:15:13-69
146        <service
146-->[com.onesignal:core:5.10.0] AndroidManifest.xml:18:9-22:19
147            android:name="com.onesignal.SyncJobService"
147-->[com.onesignal:core:5.10.0] AndroidManifest.xml:19:13-56
148            android:exported="false"
148-->[com.onesignal:core:5.10.0] AndroidManifest.xml:20:13-37
149            android:permission="android.permission.BIND_JOB_SERVICE" >
149-->[com.onesignal:core:5.10.0] AndroidManifest.xml:21:13-69
150        </service>
151
152        <activity
152-->[com.onesignal:core:5.10.0] AndroidManifest.xml:24:9-27:66
153            android:name="com.onesignal.core.activities.PermissionsActivity"
153-->[com.onesignal:core:5.10.0] AndroidManifest.xml:25:13-77
154            android:exported="false"
154-->[com.onesignal:core:5.10.0] AndroidManifest.xml:26:13-37
155            android:theme="@style/OneSignal.Theme.Translucent" />
155-->[com.onesignal:core:5.10.0] AndroidManifest.xml:27:13-63
156        <!--
157             Observe the activity lifecycle from process start so late SDK init (wrapper SDKs)
158             still sees the first activity's full lifecycle. Merges into the app's androidx.startup
159             provider; hosts that disable it fall back to lifecycle registration at init time.
160        -->
161        <provider
161-->[com.onesignal:core:5.10.0] AndroidManifest.xml:34:9-42:20
162            android:name="androidx.startup.InitializationProvider"
162-->[com.onesignal:core:5.10.0] AndroidManifest.xml:35:13-67
163            android:authorities="com.omscompanion.androidx-startup"
163-->[com.onesignal:core:5.10.0] AndroidManifest.xml:36:13-68
164            android:exported="false" >
164-->[com.onesignal:core:5.10.0] AndroidManifest.xml:37:13-37
165            <meta-data
165-->[com.onesignal:core:5.10.0] AndroidManifest.xml:39:13-41:52
166                android:name="com.onesignal.core.internal.application.impl.ActivityLifecycleInitializer"
166-->[com.onesignal:core:5.10.0] AndroidManifest.xml:40:17-105
167                android:value="androidx.startup" />
167-->[com.onesignal:core:5.10.0] AndroidManifest.xml:41:17-49
168            <meta-data
168-->[androidx.work:work-runtime:2.8.1] AndroidManifest.xml:34:13-36:52
169                android:name="androidx.work.WorkManagerInitializer"
169-->[androidx.work:work-runtime:2.8.1] AndroidManifest.xml:35:17-68
170                android:value="androidx.startup" />
170-->[androidx.work:work-runtime:2.8.1] AndroidManifest.xml:36:17-49
171            <meta-data
171-->[androidx.emoji2:emoji2:1.2.0] AndroidManifest.xml:29:13-31:52
172                android:name="androidx.emoji2.text.EmojiCompatInitializer"
172-->[androidx.emoji2:emoji2:1.2.0] AndroidManifest.xml:30:17-75
173                android:value="androidx.startup" />
173-->[androidx.emoji2:emoji2:1.2.0] AndroidManifest.xml:31:17-49
174            <meta-data
174-->[androidx.lifecycle:lifecycle-process:2.6.2] AndroidManifest.xml:29:13-31:52
175                android:name="androidx.lifecycle.ProcessLifecycleInitializer"
175-->[androidx.lifecycle:lifecycle-process:2.6.2] AndroidManifest.xml:30:17-78
176                android:value="androidx.startup" />
176-->[androidx.lifecycle:lifecycle-process:2.6.2] AndroidManifest.xml:31:17-49
177            <meta-data
177-->[androidx.profileinstaller:profileinstaller:1.3.0] AndroidManifest.xml:29:13-31:52
178                android:name="androidx.profileinstaller.ProfileInstallerInitializer"
178-->[androidx.profileinstaller:profileinstaller:1.3.0] AndroidManifest.xml:30:17-85
179                android:value="androidx.startup" />
179-->[androidx.profileinstaller:profileinstaller:1.3.0] AndroidManifest.xml:31:17-49
180        </provider>
181
182        <receiver
182-->[com.google.firebase:firebase-messaging:24.0.0] AndroidManifest.xml:29:9-40:20
183            android:name="com.google.firebase.iid.FirebaseInstanceIdReceiver"
183-->[com.google.firebase:firebase-messaging:24.0.0] AndroidManifest.xml:30:13-78
184            android:exported="true"
184-->[com.google.firebase:firebase-messaging:24.0.0] AndroidManifest.xml:31:13-36
185            android:permission="com.google.android.c2dm.permission.SEND" >
185-->[com.google.firebase:firebase-messaging:24.0.0] AndroidManifest.xml:32:13-73
186            <intent-filter>
186-->[com.google.firebase:firebase-messaging:24.0.0] AndroidManifest.xml:33:13-35:29
187                <action android:name="com.google.android.c2dm.intent.RECEIVE" />
187-->[com.onesignal:notifications:5.10.0] AndroidManifest.xml:54:17-81
187-->[com.onesignal:notifications:5.10.0] AndroidManifest.xml:54:25-78
188            </intent-filter>
189
190            <meta-data
190-->[com.google.firebase:firebase-messaging:24.0.0] AndroidManifest.xml:37:13-39:40
191                android:name="com.google.android.gms.cloudmessaging.FINISHED_AFTER_HANDLED"
191-->[com.google.firebase:firebase-messaging:24.0.0] AndroidManifest.xml:38:17-92
192                android:value="true" />
192-->[com.google.firebase:firebase-messaging:24.0.0] AndroidManifest.xml:39:17-37
193        </receiver>
194        <!--
195             FirebaseMessagingService performs security checks at runtime,
196             but set to not exported to explicitly avoid allowing another app to call it.
197        -->
198        <service
198-->[com.google.firebase:firebase-messaging:24.0.0] AndroidManifest.xml:46:9-53:19
199            android:name="com.google.firebase.messaging.FirebaseMessagingService"
199-->[com.google.firebase:firebase-messaging:24.0.0] AndroidManifest.xml:47:13-82
200            android:directBootAware="true"
200-->[com.google.firebase:firebase-messaging:24.0.0] AndroidManifest.xml:48:13-43
201            android:exported="false" >
201-->[com.google.firebase:firebase-messaging:24.0.0] AndroidManifest.xml:49:13-37
202            <intent-filter android:priority="-500" >
202-->[com.google.firebase:firebase-messaging:24.0.0] AndroidManifest.xml:50:13-52:29
202-->[com.google.firebase:firebase-messaging:24.0.0] AndroidManifest.xml:50:28-51
203                <action android:name="com.google.firebase.MESSAGING_EVENT" />
203-->[com.google.firebase:firebase-messaging:24.0.0] AndroidManifest.xml:51:17-78
203-->[com.google.firebase:firebase-messaging:24.0.0] AndroidManifest.xml:51:25-75
204            </intent-filter>
205        </service>
206        <service
206-->[com.google.firebase:firebase-messaging:24.0.0] AndroidManifest.xml:54:9-63:19
207            android:name="com.google.firebase.components.ComponentDiscoveryService"
207-->[com.google.firebase:firebase-messaging:24.0.0] AndroidManifest.xml:55:13-84
208            android:directBootAware="true"
208-->[com.google.firebase:firebase-common:21.0.0] AndroidManifest.xml:32:13-43
209            android:exported="false" >
209-->[com.google.firebase:firebase-messaging:24.0.0] AndroidManifest.xml:56:13-37
210            <meta-data
210-->[com.google.firebase:firebase-messaging:24.0.0] AndroidManifest.xml:57:13-59:85
211                android:name="com.google.firebase.components:com.google.firebase.messaging.FirebaseMessagingKtxRegistrar"
211-->[com.google.firebase:firebase-messaging:24.0.0] AndroidManifest.xml:58:17-122
212                android:value="com.google.firebase.components.ComponentRegistrar" />
212-->[com.google.firebase:firebase-messaging:24.0.0] AndroidManifest.xml:59:17-82
213            <meta-data
213-->[com.google.firebase:firebase-messaging:24.0.0] AndroidManifest.xml:60:13-62:85
214                android:name="com.google.firebase.components:com.google.firebase.messaging.FirebaseMessagingRegistrar"
214-->[com.google.firebase:firebase-messaging:24.0.0] AndroidManifest.xml:61:17-119
215                android:value="com.google.firebase.components.ComponentRegistrar" />
215-->[com.google.firebase:firebase-messaging:24.0.0] AndroidManifest.xml:62:17-82
216            <meta-data
216-->[com.google.firebase:firebase-installations:17.2.0] AndroidManifest.xml:15:13-17:85
217                android:name="com.google.firebase.components:com.google.firebase.installations.FirebaseInstallationsKtxRegistrar"
217-->[com.google.firebase:firebase-installations:17.2.0] AndroidManifest.xml:16:17-130
218                android:value="com.google.firebase.components.ComponentRegistrar" />
218-->[com.google.firebase:firebase-installations:17.2.0] AndroidManifest.xml:17:17-82
219            <meta-data
219-->[com.google.firebase:firebase-installations:17.2.0] AndroidManifest.xml:18:13-20:85
220                android:name="com.google.firebase.components:com.google.firebase.installations.FirebaseInstallationsRegistrar"
220-->[com.google.firebase:firebase-installations:17.2.0] AndroidManifest.xml:19:17-127
221                android:value="com.google.firebase.components.ComponentRegistrar" />
221-->[com.google.firebase:firebase-installations:17.2.0] AndroidManifest.xml:20:17-82
222            <meta-data
222-->[com.google.firebase:firebase-common-ktx:21.0.0] AndroidManifest.xml:12:13-14:85
223                android:name="com.google.firebase.components:com.google.firebase.ktx.FirebaseCommonLegacyRegistrar"
223-->[com.google.firebase:firebase-common-ktx:21.0.0] AndroidManifest.xml:13:17-116
224                android:value="com.google.firebase.components.ComponentRegistrar" />
224-->[com.google.firebase:firebase-common-ktx:21.0.0] AndroidManifest.xml:14:17-82
225            <meta-data
225-->[com.google.firebase:firebase-common:21.0.0] AndroidManifest.xml:35:13-37:85
226                android:name="com.google.firebase.components:com.google.firebase.FirebaseCommonKtxRegistrar"
226-->[com.google.firebase:firebase-common:21.0.0] AndroidManifest.xml:36:17-109
227                android:value="com.google.firebase.components.ComponentRegistrar" />
227-->[com.google.firebase:firebase-common:21.0.0] AndroidManifest.xml:37:17-82
228            <meta-data
228-->[com.google.firebase:firebase-datatransport:18.2.0] AndroidManifest.xml:25:13-27:85
229                android:name="com.google.firebase.components:com.google.firebase.datatransport.TransportRegistrar"
229-->[com.google.firebase:firebase-datatransport:18.2.0] AndroidManifest.xml:26:17-115
230                android:value="com.google.firebase.components.ComponentRegistrar" />
230-->[com.google.firebase:firebase-datatransport:18.2.0] AndroidManifest.xml:27:17-82
231        </service>
232
233        <activity
233-->[com.google.android.gms:play-services-base:18.0.1] AndroidManifest.xml:20:9-22:45
234            android:name="com.google.android.gms.common.api.GoogleApiActivity"
234-->[com.google.android.gms:play-services-base:18.0.1] AndroidManifest.xml:20:19-85
235            android:exported="false"
235-->[com.google.android.gms:play-services-base:18.0.1] AndroidManifest.xml:22:19-43
236            android:theme="@android:style/Theme.Translucent.NoTitleBar" />
236-->[com.google.android.gms:play-services-base:18.0.1] AndroidManifest.xml:21:19-78
237
238        <provider
238-->[com.google.firebase:firebase-common:21.0.0] AndroidManifest.xml:23:9-28:39
239            android:name="com.google.firebase.provider.FirebaseInitProvider"
239-->[com.google.firebase:firebase-common:21.0.0] AndroidManifest.xml:24:13-77
240            android:authorities="com.omscompanion.firebaseinitprovider"
240-->[com.google.firebase:firebase-common:21.0.0] AndroidManifest.xml:25:13-72
241            android:directBootAware="true"
241-->[com.google.firebase:firebase-common:21.0.0] AndroidManifest.xml:26:13-43
242            android:exported="false"
242-->[com.google.firebase:firebase-common:21.0.0] AndroidManifest.xml:27:13-37
243            android:initOrder="100" />
243-->[com.google.firebase:firebase-common:21.0.0] AndroidManifest.xml:28:13-36
244
245        <service
245-->[androidx.work:work-runtime:2.8.1] AndroidManifest.xml:39:9-45:35
246            android:name="androidx.work.impl.background.systemalarm.SystemAlarmService"
246-->[androidx.work:work-runtime:2.8.1] AndroidManifest.xml:40:13-88
247            android:directBootAware="false"
247-->[androidx.work:work-runtime:2.8.1] AndroidManifest.xml:41:13-44
248            android:enabled="@bool/enable_system_alarm_service_default"
248-->[androidx.work:work-runtime:2.8.1] AndroidManifest.xml:42:13-72
249            android:exported="false" />
249-->[androidx.work:work-runtime:2.8.1] AndroidManifest.xml:43:13-37
250        <service
250-->[androidx.work:work-runtime:2.8.1] AndroidManifest.xml:46:9-52:35
251            android:name="androidx.work.impl.background.systemjob.SystemJobService"
251-->[androidx.work:work-runtime:2.8.1] AndroidManifest.xml:47:13-84
252            android:directBootAware="false"
252-->[androidx.work:work-runtime:2.8.1] AndroidManifest.xml:48:13-44
253            android:enabled="@bool/enable_system_job_service_default"
253-->[androidx.work:work-runtime:2.8.1] AndroidManifest.xml:49:13-70
254            android:exported="true"
254-->[androidx.work:work-runtime:2.8.1] AndroidManifest.xml:50:13-36
255            android:permission="android.permission.BIND_JOB_SERVICE" />
255-->[androidx.work:work-runtime:2.8.1] AndroidManifest.xml:51:13-69
256        <service
256-->[androidx.work:work-runtime:2.8.1] AndroidManifest.xml:53:9-59:35
257            android:name="androidx.work.impl.foreground.SystemForegroundService"
257-->[androidx.work:work-runtime:2.8.1] AndroidManifest.xml:54:13-81
258            android:directBootAware="false"